c:\users\hujin\desktop\timsdk\timsdk-master\cross-platform\windows\imapp\imapp\build\immediate\win64\debug\imapp\vc142.pdb
c:\users\hujin\desktop\timsdk\timsdk-master\cross-platform\windows\imapp\imapp\build\immediate\win64\debug\imapp\vc142.idb
c:\users\hujin\desktop\timsdk\timsdk-master\cross-platform\windows\imapp\imapp\build\immediate\win64\debug\imapp\wndshadow.obj
c:\users\hujin\desktop\timsdk\timsdk-master\cross-platform\windows\imapp\imapp\build\immediate\win64\debug\imapp\testapi.obj
c:\users\hujin\desktop\timsdk\timsdk-master\cross-platform\windows\imapp\imapp\build\immediate\win64\debug\imapp\msgbox.obj
c:\users\hujin\desktop\timsdk\timsdk-master\cross-platform\windows\imapp\imapp\build\immediate\win64\debug\imapp\main.obj
c:\users\hujin\desktop\timsdk\timsdk-master\cross-platform\windows\imapp\imapp\build\immediate\win64\debug\imapp\imwnd.obj
c:\users\hujin\desktop\timsdk\timsdk-master\cross-platform\windows\imapp\imapp\build\immediate\win64\debug\imapp\generatetestusersig.obj
c:\users\hujin\desktop\timsdk\timsdk-master\cross-platform\windows\imapp\imapp\build\immediate\win64\debug\imapp\taskqueue.obj
c:\users\hujin\desktop\timsdk\timsdk-master\cross-platform\windows\imapp\imapp\build\immediate\win64\debug\imapp\log.obj
c:\users\hujin\desktop\timsdk\timsdk-master\cross-platform\windows\imapp\imapp\build\immediate\win64\debug\imapp\imutil.obj
c:\users\hujin\desktop\timsdk\timsdk-master\cross-platform\windows\imapp\imapp\build\immediate\win64\debug\imapp\httpserver.obj
c:\users\hujin\desktop\timsdk\timsdk-master\cross-platform\windows\imapp\imapp\build\immediate\win64\debug\imapp\httpreportrequest.obj
c:\users\hujin\desktop\timsdk\timsdk-master\cross-platform\windows\imapp\imapp\build\immediate\win64\debug\imapp\httpclient.obj
c:\users\hujin\desktop\timsdk\timsdk-master\cross-platform\windows\imapp\imapp\build\immediate\win64\debug\imapp\crashdump.obj
c:\users\hujin\desktop\timsdk\timsdk-master\cross-platform\windows\imapp\imapp\build\immediate\win64\debug\imapp\jsoncpp.obj
c:\users\hujin\desktop\timsdk\timsdk-master\cross-platform\windows\imapp\imapp\build\immediate\win64\debug\imapp\zutil.obj
c:\users\hujin\desktop\timsdk\timsdk-master\cross-platform\windows\imapp\imapp\build\immediate\win64\debug\imapp\zip.obj
c:\users\hujin\desktop\timsdk\timsdk-master\cross-platform\windows\imapp\imapp\build\immediate\win64\debug\imapp\uncompr.obj
c:\users\hujin\desktop\timsdk\timsdk-master\cross-platform\windows\imapp\imapp\build\immediate\win64\debug\imapp\trees.obj
c:\users\hujin\desktop\timsdk\timsdk-master\cross-platform\windows\imapp\imapp\build\immediate\win64\debug\imapp\ioapi.obj
c:\users\hujin\desktop\timsdk\timsdk-master\cross-platform\windows\imapp\imapp\build\immediate\win64\debug\imapp\inftrees.obj
c:\users\hujin\desktop\timsdk\timsdk-master\cross-platform\windows\imapp\imapp\build\immediate\win64\debug\imapp\inflate.obj
c:\users\hujin\desktop\timsdk\timsdk-master\cross-platform\windows\imapp\imapp\build\immediate\win64\debug\imapp\inffast.obj
c:\users\hujin\desktop\timsdk\timsdk-master\cross-platform\windows\imapp\imapp\build\immediate\win64\debug\imapp\infback.obj
c:\users\hujin\desktop\timsdk\timsdk-master\cross-platform\windows\imapp\imapp\build\immediate\win64\debug\imapp\gzwrite.obj
c:\users\hujin\desktop\timsdk\timsdk-master\cross-platform\windows\imapp\imapp\build\immediate\win64\debug\imapp\gzread.obj
c:\users\hujin\desktop\timsdk\timsdk-master\cross-platform\windows\imapp\imapp\build\immediate\win64\debug\imapp\gzlib.obj
c:\users\hujin\desktop\timsdk\timsdk-master\cross-platform\windows\imapp\imapp\build\immediate\win64\debug\imapp\gzclose.obj
c:\users\hujin\desktop\timsdk\timsdk-master\cross-platform\windows\imapp\imapp\build\immediate\win64\debug\imapp\deflate.obj
c:\users\hujin\desktop\timsdk\timsdk-master\cross-platform\windows\imapp\imapp\build\immediate\win64\debug\imapp\crc32.obj
c:\users\hujin\desktop\timsdk\timsdk-master\cross-platform\windows\imapp\imapp\build\immediate\win64\debug\imapp\compress.obj
c:\users\hujin\desktop\timsdk\timsdk-master\cross-platform\windows\imapp\imapp\build\immediate\win64\debug\imapp\adler32.obj
c:\users\hujin\desktop\timsdk\timsdk-master\cross-platform\windows\imapp\bin\win64\debug\imapp.ilk
c:\users\hujin\desktop\timsdk\timsdk-master\cross-platform\windows\imapp\bin\win64\debug\imapp.exe
c:\users\hujin\desktop\timsdk\timsdk-master\cross-platform\windows\imapp\bin\win64\debug\imapp.pdb
c:\users\hujin\desktop\timsdk\timsdk-master\cross-platform\windows\imapp\imapp\build\immediate\win64\debug\imapp\imapp.res
c:\users\hujin\desktop\timsdk\timsdk-master\cross-platform\windows\imapp\imapp\..\bin\win64\debug\imapp.pdb
c:\users\hujin\desktop\timsdk\timsdk-master\cross-platform\windows\imapp\imapp\..\bin\win64\debug\imapp.exe
c:\users\hujin\desktop\timsdk\timsdk-master\cross-platform\windows\imapp\imapp\..\bin\win64\debug\imapp.ilk
c:\users\hujin\desktop\timsdk\timsdk-master\cross-platform\windows\imapp\imapp\build\immediate\win64\debug\imapp\imapp.tlog\cl.command.1.tlog
c:\users\hujin\desktop\timsdk\timsdk-master\cross-platform\windows\imapp\imapp\build\immediate\win64\debug\imapp\imapp.tlog\cl.read.1.tlog
c:\users\hujin\desktop\timsdk\timsdk-master\cross-platform\windows\imapp\imapp\build\immediate\win64\debug\imapp\imapp.tlog\cl.write.1.tlog
c:\users\hujin\desktop\timsdk\timsdk-master\cross-platform\windows\imapp\imapp\build\immediate\win64\debug\imapp\imapp.tlog\link.command.1.tlog
c:\users\hujin\desktop\timsdk\timsdk-master\cross-platform\windows\imapp\imapp\build\immediate\win64\debug\imapp\imapp.tlog\link.read.1.tlog
c:\users\hujin\desktop\timsdk\timsdk-master\cross-platform\windows\imapp\imapp\build\immediate\win64\debug\imapp\imapp.tlog\link.write.1.tlog
c:\users\hujin\desktop\timsdk\timsdk-master\cross-platform\windows\imapp\imapp\build\immediate\win64\debug\imapp\imapp.tlog\rc.command.1.tlog
c:\users\hujin\desktop\timsdk\timsdk-master\cross-platform\windows\imapp\imapp\build\immediate\win64\debug\imapp\imapp.tlog\rc.read.1.tlog
c:\users\hujin\desktop\timsdk\timsdk-master\cross-platform\windows\imapp\imapp\build\immediate\win64\debug\imapp\imapp.tlog\rc.write.1.tlog
