c:\users\hujin\desktop\timsdk\timsdk-master\cross-platform\windows\imapp\basic\duilib\build\immediate\win64\debug\duilib\duilib.pdb
c:\users\hujin\desktop\timsdk\timsdk-master\cross-platform\windows\imapp\basic\duilib\build\immediate\win64\debug\duilib\duilib.idb
c:\users\hujin\desktop\timsdk\timsdk-master\cross-platform\windows\imapp\basic\duilib\build\immediate\win64\debug\duilib\uimenu.obj
c:\users\hujin\desktop\timsdk\timsdk-master\cross-platform\windows\imapp\basic\duilib\build\immediate\win64\debug\duilib\uilistex.obj
c:\users\hujin\desktop\timsdk\timsdk-master\cross-platform\windows\imapp\basic\duilib\build\immediate\win64\debug\duilib\uilist.obj
c:\users\hujin\desktop\timsdk\timsdk-master\cross-platform\windows\imapp\basic\duilib\build\immediate\win64\debug\duilib\uilabel.obj
c:\users\hujin\desktop\timsdk\timsdk-master\cross-platform\windows\imapp\basic\duilib\build\immediate\win64\debug\duilib\uiipaddressex.obj
c:\users\hujin\desktop\timsdk\timsdk-master\cross-platform\windows\imapp\basic\duilib\build\immediate\win64\debug\duilib\uiipaddress.obj
c:\users\hujin\desktop\timsdk\timsdk-master\cross-platform\windows\imapp\basic\duilib\build\immediate\win64\debug\duilib\uihotkey.obj
c:\users\hujin\desktop\timsdk\timsdk-master\cross-platform\windows\imapp\basic\duilib\build\immediate\win64\debug\duilib\uigroupbox.obj
c:\users\hujin\desktop\timsdk\timsdk-master\cross-platform\windows\imapp\basic\duilib\build\immediate\win64\debug\duilib\uigifanimex.obj
c:\users\hujin\desktop\timsdk\timsdk-master\cross-platform\windows\imapp\basic\duilib\build\immediate\win64\debug\duilib\uigifanim.obj
c:\users\hujin\desktop\timsdk\timsdk-master\cross-platform\windows\imapp\basic\duilib\build\immediate\win64\debug\duilib\uiflash.obj
c:\users\hujin\desktop\timsdk\timsdk-master\cross-platform\windows\imapp\basic\duilib\build\immediate\win64\debug\duilib\uifadebutton.obj
c:\users\hujin\desktop\timsdk\timsdk-master\cross-platform\windows\imapp\basic\duilib\build\immediate\win64\debug\duilib\uiedit.obj
c:\users\hujin\desktop\timsdk\timsdk-master\cross-platform\windows\imapp\basic\duilib\build\immediate\win64\debug\duilib\uidatetime.obj
c:\users\hujin\desktop\timsdk\timsdk-master\cross-platform\windows\imapp\basic\duilib\build\immediate\win64\debug\duilib\uicombobox.obj
c:\users\hujin\desktop\timsdk\timsdk-master\cross-platform\windows\imapp\basic\duilib\build\immediate\win64\debug\duilib\uicombo.obj
c:\users\hujin\desktop\timsdk\timsdk-master\cross-platform\windows\imapp\basic\duilib\build\immediate\win64\debug\duilib\uicolorpalette.obj
c:\users\hujin\desktop\timsdk\timsdk-master\cross-platform\windows\imapp\basic\duilib\build\immediate\win64\debug\duilib\uibutton.obj
c:\users\hujin\desktop\timsdk\timsdk-master\cross-platform\windows\imapp\basic\duilib\build\immediate\win64\debug\duilib\uianimation.obj
c:\users\hujin\desktop\timsdk\timsdk-master\cross-platform\windows\imapp\basic\duilib\build\immediate\win64\debug\duilib\uiactivex.obj
c:\users\hujin\desktop\timsdk\timsdk-master\cross-platform\windows\imapp\basic\duilib\build\immediate\win64\debug\duilib\uianimationtablayout.obj
c:\users\hujin\desktop\timsdk\timsdk-master\cross-platform\windows\imapp\basic\duilib\build\immediate\win64\debug\duilib\uiresourcemanager.obj
c:\users\hujin\desktop\timsdk\timsdk-master\cross-platform\windows\imapp\basic\duilib\build\immediate\win64\debug\duilib\uirender.obj
c:\users\hujin\desktop\timsdk\timsdk-master\cross-platform\windows\imapp\basic\duilib\build\immediate\win64\debug\duilib\uimarkup.obj
c:\users\hujin\desktop\timsdk\timsdk-master\cross-platform\windows\imapp\basic\duilib\build\immediate\win64\debug\duilib\uimanager.obj
c:\users\hujin\desktop\timsdk\timsdk-master\cross-platform\windows\imapp\basic\duilib\build\immediate\win64\debug\duilib\uidlgbuilder.obj
c:\users\hujin\desktop\timsdk\timsdk-master\cross-platform\windows\imapp\basic\duilib\build\immediate\win64\debug\duilib\uicontrol.obj
c:\users\hujin\desktop\timsdk\timsdk-master\cross-platform\windows\imapp\basic\duilib\build\immediate\win64\debug\duilib\uicontainer.obj
c:\users\hujin\desktop\timsdk\timsdk-master\cross-platform\windows\imapp\basic\duilib\build\immediate\win64\debug\duilib\uibase.obj
c:\users\hujin\desktop\timsdk\timsdk-master\cross-platform\windows\imapp\basic\duilib\build\immediate\win64\debug\duilib\controlfactory.obj
c:\users\hujin\desktop\timsdk\timsdk-master\cross-platform\windows\imapp\basic\duilib\build\immediate\win64\debug\duilib\uiwebbrowser.obj
c:\users\hujin\desktop\timsdk\timsdk-master\cross-platform\windows\imapp\basic\duilib\build\immediate\win64\debug\duilib\uitreeview.obj
c:\users\hujin\desktop\timsdk\timsdk-master\cross-platform\windows\imapp\basic\duilib\build\immediate\win64\debug\duilib\uitext.obj
c:\users\hujin\desktop\timsdk\timsdk-master\cross-platform\windows\imapp\basic\duilib\build\immediate\win64\debug\duilib\uislider.obj
c:\users\hujin\desktop\timsdk\timsdk-master\cross-platform\windows\imapp\basic\duilib\build\immediate\win64\debug\duilib\uiscrollbar.obj
c:\users\hujin\desktop\timsdk\timsdk-master\cross-platform\windows\imapp\basic\duilib\build\immediate\win64\debug\duilib\uirolltext.obj
c:\users\hujin\desktop\timsdk\timsdk-master\cross-platform\windows\imapp\basic\duilib\build\immediate\win64\debug\duilib\uiring.obj
c:\users\hujin\desktop\timsdk\timsdk-master\cross-platform\windows\imapp\basic\duilib\build\immediate\win64\debug\duilib\uirichedit.obj
c:\users\hujin\desktop\timsdk\timsdk-master\cross-platform\windows\imapp\basic\duilib\build\immediate\win64\debug\duilib\uiprogress.obj
c:\users\hujin\desktop\timsdk\timsdk-master\cross-platform\windows\imapp\basic\duilib\build\immediate\win64\debug\duilib\uioption.obj
c:\users\hujin\desktop\timsdk\timsdk-master\cross-platform\windows\imapp\basic\duilib\build\immediate\win64\debug\duilib\winimplbase.obj
c:\users\hujin\desktop\timsdk\timsdk-master\cross-platform\windows\imapp\basic\duilib\build\immediate\win64\debug\duilib\utils.obj
c:\users\hujin\desktop\timsdk\timsdk-master\cross-platform\windows\imapp\basic\duilib\build\immediate\win64\debug\duilib\unzip.obj
c:\users\hujin\desktop\timsdk\timsdk-master\cross-platform\windows\imapp\basic\duilib\build\immediate\win64\debug\duilib\uishadow.obj
c:\users\hujin\desktop\timsdk\timsdk-master\cross-platform\windows\imapp\basic\duilib\build\immediate\win64\debug\duilib\uidelegate.obj
c:\users\hujin\desktop\timsdk\timsdk-master\cross-platform\windows\imapp\basic\duilib\build\immediate\win64\debug\duilib\trayicon.obj
c:\users\hujin\desktop\timsdk\timsdk-master\cross-platform\windows\imapp\basic\duilib\build\immediate\win64\debug\duilib\dragdropimpl.obj
c:\users\hujin\desktop\timsdk\timsdk-master\cross-platform\windows\imapp\basic\duilib\build\immediate\win64\debug\duilib\dpi.obj
c:\users\hujin\desktop\timsdk\timsdk-master\cross-platform\windows\imapp\basic\duilib\build\immediate\win64\debug\duilib\uilib.obj
c:\users\hujin\desktop\timsdk\timsdk-master\cross-platform\windows\imapp\basic\duilib\build\immediate\win64\debug\duilib\stdafx.obj
c:\users\hujin\desktop\timsdk\timsdk-master\cross-platform\windows\imapp\basic\duilib\build\immediate\win64\debug\duilib\uiverticallayout.obj
c:\users\hujin\desktop\timsdk\timsdk-master\cross-platform\windows\imapp\basic\duilib\build\immediate\win64\debug\duilib\uitilelayout.obj
c:\users\hujin\desktop\timsdk\timsdk-master\cross-platform\windows\imapp\basic\duilib\build\immediate\win64\debug\duilib\uitablayout.obj
c:\users\hujin\desktop\timsdk\timsdk-master\cross-platform\windows\imapp\basic\duilib\build\immediate\win64\debug\duilib\uihorizontallayout.obj
c:\users\hujin\desktop\timsdk\timsdk-master\cross-platform\windows\imapp\basic\duilib\build\immediate\win64\debug\duilib\uichildlayout.obj
c:\users\hujin\desktop\timsdk\timsdk-master\cross-platform\windows\imapp\basic\duilib\build\bin\win64\debug\duilib.lib
c:\users\hujin\desktop\timsdk\timsdk-master\cross-platform\windows\imapp\basic\duilib\build\bin\win64\debug\duilib.pdb
c:\users\hujin\desktop\timsdk\timsdk-master\cross-platform\windows\imapp\basic\duilib\build\immediate\win64\debug\duilib\duilib.tlog\cl.command.1.tlog
c:\users\hujin\desktop\timsdk\timsdk-master\cross-platform\windows\imapp\basic\duilib\build\immediate\win64\debug\duilib\duilib.tlog\cl.read.1.tlog
c:\users\hujin\desktop\timsdk\timsdk-master\cross-platform\windows\imapp\basic\duilib\build\immediate\win64\debug\duilib\duilib.tlog\cl.write.1.tlog
c:\users\hujin\desktop\timsdk\timsdk-master\cross-platform\windows\imapp\basic\duilib\build\immediate\win64\debug\duilib\duilib.tlog\lib-link.read.1.tlog
c:\users\hujin\desktop\timsdk\timsdk-master\cross-platform\windows\imapp\basic\duilib\build\immediate\win64\debug\duilib\duilib.tlog\lib-link.write.1.tlog
c:\users\hujin\desktop\timsdk\timsdk-master\cross-platform\windows\imapp\basic\duilib\build\immediate\win64\debug\duilib\duilib.tlog\lib.command.1.tlog
