d:\project\timsdk\timsdk-master\cross-platform\windows\imapp\basic\duilib\build\immediate\win32\debug\duilib\duilib.pdb
d:\project\timsdk\timsdk-master\cross-platform\windows\imapp\basic\duilib\build\immediate\win32\debug\duilib\duilib.idb
d:\project\timsdk\timsdk-master\cross-platform\windows\imapp\basic\duilib\build\immediate\win32\debug\duilib\uimenu.obj
d:\project\timsdk\timsdk-master\cross-platform\windows\imapp\basic\duilib\build\immediate\win32\debug\duilib\uilistex.obj
d:\project\timsdk\timsdk-master\cross-platform\windows\imapp\basic\duilib\build\immediate\win32\debug\duilib\uilist.obj
d:\project\timsdk\timsdk-master\cross-platform\windows\imapp\basic\duilib\build\immediate\win32\debug\duilib\uilabel.obj
d:\project\timsdk\timsdk-master\cross-platform\windows\imapp\basic\duilib\build\immediate\win32\debug\duilib\uiipaddressex.obj
d:\project\timsdk\timsdk-master\cross-platform\windows\imapp\basic\duilib\build\immediate\win32\debug\duilib\uiipaddress.obj
d:\project\timsdk\timsdk-master\cross-platform\windows\imapp\basic\duilib\build\immediate\win32\debug\duilib\uihotkey.obj
d:\project\timsdk\timsdk-master\cross-platform\windows\imapp\basic\duilib\build\immediate\win32\debug\duilib\uigroupbox.obj
d:\project\timsdk\timsdk-master\cross-platform\windows\imapp\basic\duilib\build\immediate\win32\debug\duilib\uigifanimex.obj
d:\project\timsdk\timsdk-master\cross-platform\windows\imapp\basic\duilib\build\immediate\win32\debug\duilib\uigifanim.obj
d:\project\timsdk\timsdk-master\cross-platform\windows\imapp\basic\duilib\build\immediate\win32\debug\duilib\uiflash.obj
d:\project\timsdk\timsdk-master\cross-platform\windows\imapp\basic\duilib\build\immediate\win32\debug\duilib\uifadebutton.obj
d:\project\timsdk\timsdk-master\cross-platform\windows\imapp\basic\duilib\build\immediate\win32\debug\duilib\uiedit.obj
d:\project\timsdk\timsdk-master\cross-platform\windows\imapp\basic\duilib\build\immediate\win32\debug\duilib\uidatetime.obj
d:\project\timsdk\timsdk-master\cross-platform\windows\imapp\basic\duilib\build\immediate\win32\debug\duilib\uicombobox.obj
d:\project\timsdk\timsdk-master\cross-platform\windows\imapp\basic\duilib\build\immediate\win32\debug\duilib\uicombo.obj
d:\project\timsdk\timsdk-master\cross-platform\windows\imapp\basic\duilib\build\immediate\win32\debug\duilib\uicolorpalette.obj
d:\project\timsdk\timsdk-master\cross-platform\windows\imapp\basic\duilib\build\immediate\win32\debug\duilib\uibutton.obj
d:\project\timsdk\timsdk-master\cross-platform\windows\imapp\basic\duilib\build\immediate\win32\debug\duilib\uianimation.obj
d:\project\timsdk\timsdk-master\cross-platform\windows\imapp\basic\duilib\build\immediate\win32\debug\duilib\uiactivex.obj
d:\project\timsdk\timsdk-master\cross-platform\windows\imapp\basic\duilib\build\immediate\win32\debug\duilib\uianimationtablayout.obj
d:\project\timsdk\timsdk-master\cross-platform\windows\imapp\basic\duilib\build\immediate\win32\debug\duilib\uiresourcemanager.obj
d:\project\timsdk\timsdk-master\cross-platform\windows\imapp\basic\duilib\build\immediate\win32\debug\duilib\uirender.obj
d:\project\timsdk\timsdk-master\cross-platform\windows\imapp\basic\duilib\build\immediate\win32\debug\duilib\uimarkup.obj
d:\project\timsdk\timsdk-master\cross-platform\windows\imapp\basic\duilib\build\immediate\win32\debug\duilib\uimanager.obj
d:\project\timsdk\timsdk-master\cross-platform\windows\imapp\basic\duilib\build\immediate\win32\debug\duilib\uidlgbuilder.obj
d:\project\timsdk\timsdk-master\cross-platform\windows\imapp\basic\duilib\build\immediate\win32\debug\duilib\uicontrol.obj
d:\project\timsdk\timsdk-master\cross-platform\windows\imapp\basic\duilib\build\immediate\win32\debug\duilib\uicontainer.obj
d:\project\timsdk\timsdk-master\cross-platform\windows\imapp\basic\duilib\build\immediate\win32\debug\duilib\uibase.obj
d:\project\timsdk\timsdk-master\cross-platform\windows\imapp\basic\duilib\build\immediate\win32\debug\duilib\controlfactory.obj
d:\project\timsdk\timsdk-master\cross-platform\windows\imapp\basic\duilib\build\immediate\win32\debug\duilib\uiwebbrowser.obj
d:\project\timsdk\timsdk-master\cross-platform\windows\imapp\basic\duilib\build\immediate\win32\debug\duilib\uitreeview.obj
d:\project\timsdk\timsdk-master\cross-platform\windows\imapp\basic\duilib\build\immediate\win32\debug\duilib\uitext.obj
d:\project\timsdk\timsdk-master\cross-platform\windows\imapp\basic\duilib\build\immediate\win32\debug\duilib\uislider.obj
d:\project\timsdk\timsdk-master\cross-platform\windows\imapp\basic\duilib\build\immediate\win32\debug\duilib\uiscrollbar.obj
d:\project\timsdk\timsdk-master\cross-platform\windows\imapp\basic\duilib\build\immediate\win32\debug\duilib\uirolltext.obj
d:\project\timsdk\timsdk-master\cross-platform\windows\imapp\basic\duilib\build\immediate\win32\debug\duilib\uiring.obj
d:\project\timsdk\timsdk-master\cross-platform\windows\imapp\basic\duilib\build\immediate\win32\debug\duilib\uirichedit.obj
d:\project\timsdk\timsdk-master\cross-platform\windows\imapp\basic\duilib\build\immediate\win32\debug\duilib\uiprogress.obj
d:\project\timsdk\timsdk-master\cross-platform\windows\imapp\basic\duilib\build\immediate\win32\debug\duilib\uioption.obj
d:\project\timsdk\timsdk-master\cross-platform\windows\imapp\basic\duilib\build\immediate\win32\debug\duilib\winimplbase.obj
d:\project\timsdk\timsdk-master\cross-platform\windows\imapp\basic\duilib\build\immediate\win32\debug\duilib\utils.obj
d:\project\timsdk\timsdk-master\cross-platform\windows\imapp\basic\duilib\build\immediate\win32\debug\duilib\unzip.obj
d:\project\timsdk\timsdk-master\cross-platform\windows\imapp\basic\duilib\build\immediate\win32\debug\duilib\uishadow.obj
d:\project\timsdk\timsdk-master\cross-platform\windows\imapp\basic\duilib\build\immediate\win32\debug\duilib\uidelegate.obj
d:\project\timsdk\timsdk-master\cross-platform\windows\imapp\basic\duilib\build\immediate\win32\debug\duilib\trayicon.obj
d:\project\timsdk\timsdk-master\cross-platform\windows\imapp\basic\duilib\build\immediate\win32\debug\duilib\dragdropimpl.obj
d:\project\timsdk\timsdk-master\cross-platform\windows\imapp\basic\duilib\build\immediate\win32\debug\duilib\dpi.obj
d:\project\timsdk\timsdk-master\cross-platform\windows\imapp\basic\duilib\build\immediate\win32\debug\duilib\uilib.obj
d:\project\timsdk\timsdk-master\cross-platform\windows\imapp\basic\duilib\build\immediate\win32\debug\duilib\stdafx.obj
d:\project\timsdk\timsdk-master\cross-platform\windows\imapp\basic\duilib\build\immediate\win32\debug\duilib\uiverticallayout.obj
d:\project\timsdk\timsdk-master\cross-platform\windows\imapp\basic\duilib\build\immediate\win32\debug\duilib\uitilelayout.obj
d:\project\timsdk\timsdk-master\cross-platform\windows\imapp\basic\duilib\build\immediate\win32\debug\duilib\uitablayout.obj
d:\project\timsdk\timsdk-master\cross-platform\windows\imapp\basic\duilib\build\immediate\win32\debug\duilib\uihorizontallayout.obj
d:\project\timsdk\timsdk-master\cross-platform\windows\imapp\basic\duilib\build\immediate\win32\debug\duilib\uichildlayout.obj
d:\project\timsdk\timsdk-master\cross-platform\windows\imapp\basic\duilib\build\bin\win32\debug\duilib.lib
d:\project\timsdk\timsdk-master\cross-platform\windows\imapp\basic\duilib\build\bin\win32\debug\duilib.pdb
d:\project\timsdk\timsdk-master\cross-platform\windows\imapp\basic\duilib\build\immediate\win32\debug\duilib\duilib.tlog\cl.command.1.tlog
d:\project\timsdk\timsdk-master\cross-platform\windows\imapp\basic\duilib\build\immediate\win32\debug\duilib\duilib.tlog\cl.read.1.tlog
d:\project\timsdk\timsdk-master\cross-platform\windows\imapp\basic\duilib\build\immediate\win32\debug\duilib\duilib.tlog\cl.write.1.tlog
d:\project\timsdk\timsdk-master\cross-platform\windows\imapp\basic\duilib\build\immediate\win32\debug\duilib\duilib.tlog\lib-link.read.1.tlog
d:\project\timsdk\timsdk-master\cross-platform\windows\imapp\basic\duilib\build\immediate\win32\debug\duilib\duilib.tlog\lib-link.write.1.tlog
d:\project\timsdk\timsdk-master\cross-platform\windows\imapp\basic\duilib\build\immediate\win32\debug\duilib\duilib.tlog\lib.command.1.tlog
