c:\users\hujin\desktop\timsdk\timsdk-master\cross-platform\windows\imapp\imapp\build\immediate\win32\release\imapp\vc142.pdb
c:\users\hujin\desktop\timsdk\timsdk-master\cross-platform\windows\imapp\imapp\build\immediate\win32\release\imapp\wndshadow.obj
c:\users\hujin\desktop\timsdk\timsdk-master\cross-platform\windows\imapp\imapp\build\immediate\win32\release\imapp\testapi.obj
c:\users\hujin\desktop\timsdk\timsdk-master\cross-platform\windows\imapp\imapp\build\immediate\win32\release\imapp\msgbox.obj
c:\users\hujin\desktop\timsdk\timsdk-master\cross-platform\windows\imapp\imapp\build\immediate\win32\release\imapp\main.obj
c:\users\hujin\desktop\timsdk\timsdk-master\cross-platform\windows\imapp\imapp\build\immediate\win32\release\imapp\imwnd.obj
c:\users\hujin\desktop\timsdk\timsdk-master\cross-platform\windows\imapp\imapp\build\immediate\win32\release\imapp\generatetestusersig.obj
c:\users\hujin\desktop\timsdk\timsdk-master\cross-platform\windows\imapp\imapp\build\immediate\win32\release\imapp\taskqueue.obj
c:\users\hujin\desktop\timsdk\timsdk-master\cross-platform\windows\imapp\imapp\build\immediate\win32\release\imapp\log.obj
c:\users\hujin\desktop\timsdk\timsdk-master\cross-platform\windows\imapp\imapp\build\immediate\win32\release\imapp\imutil.obj
c:\users\hujin\desktop\timsdk\timsdk-master\cross-platform\windows\imapp\imapp\build\immediate\win32\release\imapp\httpserver.obj
c:\users\hujin\desktop\timsdk\timsdk-master\cross-platform\windows\imapp\imapp\build\immediate\win32\release\imapp\httpreportrequest.obj
c:\users\hujin\desktop\timsdk\timsdk-master\cross-platform\windows\imapp\imapp\build\immediate\win32\release\imapp\httpclient.obj
c:\users\hujin\desktop\timsdk\timsdk-master\cross-platform\windows\imapp\imapp\build\immediate\win32\release\imapp\crashdump.obj
c:\users\hujin\desktop\timsdk\timsdk-master\cross-platform\windows\imapp\imapp\build\immediate\win32\release\imapp\jsoncpp.obj
c:\users\hujin\desktop\timsdk\timsdk-master\cross-platform\windows\imapp\imapp\build\immediate\win32\release\imapp\zutil.obj
c:\users\hujin\desktop\timsdk\timsdk-master\cross-platform\windows\imapp\imapp\build\immediate\win32\release\imapp\zip.obj
c:\users\hujin\desktop\timsdk\timsdk-master\cross-platform\windows\imapp\imapp\build\immediate\win32\release\imapp\uncompr.obj
c:\users\hujin\desktop\timsdk\timsdk-master\cross-platform\windows\imapp\imapp\build\immediate\win32\release\imapp\trees.obj
c:\users\hujin\desktop\timsdk\timsdk-master\cross-platform\windows\imapp\imapp\build\immediate\win32\release\imapp\ioapi.obj
c:\users\hujin\desktop\timsdk\timsdk-master\cross-platform\windows\imapp\imapp\build\immediate\win32\release\imapp\inftrees.obj
c:\users\hujin\desktop\timsdk\timsdk-master\cross-platform\windows\imapp\imapp\build\immediate\win32\release\imapp\inflate.obj
c:\users\hujin\desktop\timsdk\timsdk-master\cross-platform\windows\imapp\imapp\build\immediate\win32\release\imapp\inffast.obj
c:\users\hujin\desktop\timsdk\timsdk-master\cross-platform\windows\imapp\imapp\build\immediate\win32\release\imapp\infback.obj
c:\users\hujin\desktop\timsdk\timsdk-master\cross-platform\windows\imapp\imapp\build\immediate\win32\release\imapp\gzwrite.obj
c:\users\hujin\desktop\timsdk\timsdk-master\cross-platform\windows\imapp\imapp\build\immediate\win32\release\imapp\gzread.obj
c:\users\hujin\desktop\timsdk\timsdk-master\cross-platform\windows\imapp\imapp\build\immediate\win32\release\imapp\gzlib.obj
c:\users\hujin\desktop\timsdk\timsdk-master\cross-platform\windows\imapp\imapp\build\immediate\win32\release\imapp\gzclose.obj
c:\users\hujin\desktop\timsdk\timsdk-master\cross-platform\windows\imapp\imapp\build\immediate\win32\release\imapp\deflate.obj
c:\users\hujin\desktop\timsdk\timsdk-master\cross-platform\windows\imapp\imapp\build\immediate\win32\release\imapp\crc32.obj
c:\users\hujin\desktop\timsdk\timsdk-master\cross-platform\windows\imapp\imapp\build\immediate\win32\release\imapp\compress.obj
c:\users\hujin\desktop\timsdk\timsdk-master\cross-platform\windows\imapp\imapp\build\immediate\win32\release\imapp\adler32.obj
c:\users\hujin\desktop\timsdk\timsdk-master\cross-platform\windows\imapp\bin\win32\release\imapp.ipdb
c:\users\hujin\desktop\timsdk\timsdk-master\cross-platform\windows\imapp\bin\win32\release\imapp.iobj
c:\users\hujin\desktop\timsdk\timsdk-master\cross-platform\windows\imapp\bin\win32\release\imapp.exe
c:\users\hujin\desktop\timsdk\timsdk-master\cross-platform\windows\imapp\bin\win32\release\imapp.pdb
c:\users\hujin\desktop\timsdk\timsdk-master\cross-platform\windows\imapp\imapp\build\immediate\win32\release\imapp\imapp.res
c:\users\hujin\desktop\timsdk\timsdk-master\cross-platform\windows\imapp\imapp\..\bin\win32\release\imapp.pdb
c:\users\hujin\desktop\timsdk\timsdk-master\cross-platform\windows\imapp\imapp\..\bin\win32\release\imapp.exe
c:\users\hujin\desktop\timsdk\timsdk-master\cross-platform\windows\imapp\imapp\build\immediate\win32\release\imapp\imapp.tlog\cl.command.1.tlog
c:\users\hujin\desktop\timsdk\timsdk-master\cross-platform\windows\imapp\imapp\build\immediate\win32\release\imapp\imapp.tlog\cl.read.1.tlog
c:\users\hujin\desktop\timsdk\timsdk-master\cross-platform\windows\imapp\imapp\build\immediate\win32\release\imapp\imapp.tlog\cl.write.1.tlog
c:\users\hujin\desktop\timsdk\timsdk-master\cross-platform\windows\imapp\imapp\build\immediate\win32\release\imapp\imapp.tlog\imapp.write.1u.tlog
c:\users\hujin\desktop\timsdk\timsdk-master\cross-platform\windows\imapp\imapp\build\immediate\win32\release\imapp\imapp.tlog\link.command.1.tlog
c:\users\hujin\desktop\timsdk\timsdk-master\cross-platform\windows\imapp\imapp\build\immediate\win32\release\imapp\imapp.tlog\link.read.1.tlog
c:\users\hujin\desktop\timsdk\timsdk-master\cross-platform\windows\imapp\imapp\build\immediate\win32\release\imapp\imapp.tlog\link.write.1.tlog
c:\users\hujin\desktop\timsdk\timsdk-master\cross-platform\windows\imapp\imapp\build\immediate\win32\release\imapp\imapp.tlog\rc.command.1.tlog
c:\users\hujin\desktop\timsdk\timsdk-master\cross-platform\windows\imapp\imapp\build\immediate\win32\release\imapp\imapp.tlog\rc.read.1.tlog
c:\users\hujin\desktop\timsdk\timsdk-master\cross-platform\windows\imapp\imapp\build\immediate\win32\release\imapp\imapp.tlog\rc.write.1.tlog
