d:\project\timsdk\timsdk-master\cross-platform\windows\imapp\imapp\build\immediate\win32\debug\imapp\vc142.pdb
d:\project\timsdk\timsdk-master\cross-platform\windows\imapp\imapp\build\immediate\win32\debug\imapp\vc142.idb
d:\project\timsdk\timsdk-master\cross-platform\windows\imapp\imapp\build\immediate\win32\debug\imapp\wndshadow.obj
d:\project\timsdk\timsdk-master\cross-platform\windows\imapp\imapp\build\immediate\win32\debug\imapp\testapi.obj
d:\project\timsdk\timsdk-master\cross-platform\windows\imapp\imapp\build\immediate\win32\debug\imapp\msgbox.obj
d:\project\timsdk\timsdk-master\cross-platform\windows\imapp\imapp\build\immediate\win32\debug\imapp\main.obj
d:\project\timsdk\timsdk-master\cross-platform\windows\imapp\imapp\build\immediate\win32\debug\imapp\loginwnd.obj
d:\project\timsdk\timsdk-master\cross-platform\windows\imapp\imapp\build\immediate\win32\debug\imapp\imwnd.obj
d:\project\timsdk\timsdk-master\cross-platform\windows\imapp\imapp\build\immediate\win32\debug\imapp\generatetestusersig.obj
d:\project\timsdk\timsdk-master\cross-platform\windows\imapp\imapp\build\immediate\win32\debug\imapp\taskqueue.obj
d:\project\timsdk\timsdk-master\cross-platform\windows\imapp\imapp\build\immediate\win32\debug\imapp\log.obj
d:\project\timsdk\timsdk-master\cross-platform\windows\imapp\imapp\build\immediate\win32\debug\imapp\imutil.obj
d:\project\timsdk\timsdk-master\cross-platform\windows\imapp\imapp\build\immediate\win32\debug\imapp\httpserver.obj
d:\project\timsdk\timsdk-master\cross-platform\windows\imapp\imapp\build\immediate\win32\debug\imapp\httpreportrequest.obj
d:\project\timsdk\timsdk-master\cross-platform\windows\imapp\imapp\build\immediate\win32\debug\imapp\httpclient.obj
d:\project\timsdk\timsdk-master\cross-platform\windows\imapp\imapp\build\immediate\win32\debug\imapp\crashdump.obj
d:\project\timsdk\timsdk-master\cross-platform\windows\imapp\imapp\build\immediate\win32\debug\imapp\jsoncpp.obj
d:\project\timsdk\timsdk-master\cross-platform\windows\imapp\imapp\build\immediate\win32\debug\imapp\zutil.obj
d:\project\timsdk\timsdk-master\cross-platform\windows\imapp\imapp\build\immediate\win32\debug\imapp\zip.obj
d:\project\timsdk\timsdk-master\cross-platform\windows\imapp\imapp\build\immediate\win32\debug\imapp\uncompr.obj
d:\project\timsdk\timsdk-master\cross-platform\windows\imapp\imapp\build\immediate\win32\debug\imapp\trees.obj
d:\project\timsdk\timsdk-master\cross-platform\windows\imapp\imapp\build\immediate\win32\debug\imapp\ioapi.obj
d:\project\timsdk\timsdk-master\cross-platform\windows\imapp\imapp\build\immediate\win32\debug\imapp\inftrees.obj
d:\project\timsdk\timsdk-master\cross-platform\windows\imapp\imapp\build\immediate\win32\debug\imapp\inflate.obj
d:\project\timsdk\timsdk-master\cross-platform\windows\imapp\imapp\build\immediate\win32\debug\imapp\inffast.obj
d:\project\timsdk\timsdk-master\cross-platform\windows\imapp\imapp\build\immediate\win32\debug\imapp\infback.obj
d:\project\timsdk\timsdk-master\cross-platform\windows\imapp\imapp\build\immediate\win32\debug\imapp\gzwrite.obj
d:\project\timsdk\timsdk-master\cross-platform\windows\imapp\imapp\build\immediate\win32\debug\imapp\gzread.obj
d:\project\timsdk\timsdk-master\cross-platform\windows\imapp\imapp\build\immediate\win32\debug\imapp\gzlib.obj
d:\project\timsdk\timsdk-master\cross-platform\windows\imapp\imapp\build\immediate\win32\debug\imapp\gzclose.obj
d:\project\timsdk\timsdk-master\cross-platform\windows\imapp\imapp\build\immediate\win32\debug\imapp\deflate.obj
d:\project\timsdk\timsdk-master\cross-platform\windows\imapp\imapp\build\immediate\win32\debug\imapp\crc32.obj
d:\project\timsdk\timsdk-master\cross-platform\windows\imapp\imapp\build\immediate\win32\debug\imapp\compress.obj
d:\project\timsdk\timsdk-master\cross-platform\windows\imapp\imapp\build\immediate\win32\debug\imapp\adler32.obj
d:\project\timsdk\timsdk-master\cross-platform\windows\imapp\bin\win32\debug\imapp.exe
d:\project\timsdk\timsdk-master\cross-platform\windows\imapp\bin\win32\debug\imapp.ilk
d:\project\timsdk\timsdk-master\cross-platform\windows\imapp\bin\win32\debug\imapp.pdb
d:\project\timsdk\timsdk-master\cross-platform\windows\imapp\imapp\build\immediate\win32\debug\imapp\imapp.res
d:\project\timsdk\timsdk-master\cross-platform\windows\imapp\imapp\..\bin\win32\debug\imapp.pdb
d:\project\timsdk\timsdk-master\cross-platform\windows\imapp\imapp\..\bin\win32\debug\imapp.exe
d:\project\timsdk\timsdk-master\cross-platform\windows\imapp\imapp\..\bin\win32\debug\imapp.ilk
d:\project\timsdk\timsdk-master\cross-platform\windows\imapp\imapp\build\immediate\win32\debug\imapp\imapp.tlog\cl.command.1.tlog
d:\project\timsdk\timsdk-master\cross-platform\windows\imapp\imapp\build\immediate\win32\debug\imapp\imapp.tlog\cl.read.1.tlog
d:\project\timsdk\timsdk-master\cross-platform\windows\imapp\imapp\build\immediate\win32\debug\imapp\imapp.tlog\cl.write.1.tlog
d:\project\timsdk\timsdk-master\cross-platform\windows\imapp\imapp\build\immediate\win32\debug\imapp\imapp.tlog\link.command.1.tlog
d:\project\timsdk\timsdk-master\cross-platform\windows\imapp\imapp\build\immediate\win32\debug\imapp\imapp.tlog\link.read.1.tlog
d:\project\timsdk\timsdk-master\cross-platform\windows\imapp\imapp\build\immediate\win32\debug\imapp\imapp.tlog\link.write.1.tlog
d:\project\timsdk\timsdk-master\cross-platform\windows\imapp\imapp\build\immediate\win32\debug\imapp\imapp.tlog\rc.command.1.tlog
d:\project\timsdk\timsdk-master\cross-platform\windows\imapp\imapp\build\immediate\win32\debug\imapp\imapp.tlog\rc.read.1.tlog
d:\project\timsdk\timsdk-master\cross-platform\windows\imapp\imapp\build\immediate\win32\debug\imapp\imapp.tlog\rc.write.1.tlog
