c:\users\hujin\desktop\timsdk\timsdk-master\cross-platform\windows\imapp\basic\duilib\build\immediate\win32\release\duilib\duilib.pdb
c:\users\hujin\desktop\timsdk\timsdk-master\cross-platform\windows\imapp\basic\duilib\build\immediate\win32\release\duilib\uimenu.obj
c:\users\hujin\desktop\timsdk\timsdk-master\cross-platform\windows\imapp\basic\duilib\build\immediate\win32\release\duilib\uilistex.obj
c:\users\hujin\desktop\timsdk\timsdk-master\cross-platform\windows\imapp\basic\duilib\build\immediate\win32\release\duilib\uilist.obj
c:\users\hujin\desktop\timsdk\timsdk-master\cross-platform\windows\imapp\basic\duilib\build\immediate\win32\release\duilib\uilabel.obj
c:\users\hujin\desktop\timsdk\timsdk-master\cross-platform\windows\imapp\basic\duilib\build\immediate\win32\release\duilib\uiipaddressex.obj
c:\users\hujin\desktop\timsdk\timsdk-master\cross-platform\windows\imapp\basic\duilib\build\immediate\win32\release\duilib\uiipaddress.obj
c:\users\hujin\desktop\timsdk\timsdk-master\cross-platform\windows\imapp\basic\duilib\build\immediate\win32\release\duilib\uihotkey.obj
c:\users\hujin\desktop\timsdk\timsdk-master\cross-platform\windows\imapp\basic\duilib\build\immediate\win32\release\duilib\uigroupbox.obj
c:\users\hujin\desktop\timsdk\timsdk-master\cross-platform\windows\imapp\basic\duilib\build\immediate\win32\release\duilib\uigifanimex.obj
c:\users\hujin\desktop\timsdk\timsdk-master\cross-platform\windows\imapp\basic\duilib\build\immediate\win32\release\duilib\uigifanim.obj
c:\users\hujin\desktop\timsdk\timsdk-master\cross-platform\windows\imapp\basic\duilib\build\immediate\win32\release\duilib\uiflash.obj
c:\users\hujin\desktop\timsdk\timsdk-master\cross-platform\windows\imapp\basic\duilib\build\immediate\win32\release\duilib\uifadebutton.obj
c:\users\hujin\desktop\timsdk\timsdk-master\cross-platform\windows\imapp\basic\duilib\build\immediate\win32\release\duilib\uiedit.obj
c:\users\hujin\desktop\timsdk\timsdk-master\cross-platform\windows\imapp\basic\duilib\build\immediate\win32\release\duilib\uidatetime.obj
c:\users\hujin\desktop\timsdk\timsdk-master\cross-platform\windows\imapp\basic\duilib\build\immediate\win32\release\duilib\uicombobox.obj
c:\users\hujin\desktop\timsdk\timsdk-master\cross-platform\windows\imapp\basic\duilib\build\immediate\win32\release\duilib\uicombo.obj
c:\users\hujin\desktop\timsdk\timsdk-master\cross-platform\windows\imapp\basic\duilib\build\immediate\win32\release\duilib\uicolorpalette.obj
c:\users\hujin\desktop\timsdk\timsdk-master\cross-platform\windows\imapp\basic\duilib\build\immediate\win32\release\duilib\uibutton.obj
c:\users\hujin\desktop\timsdk\timsdk-master\cross-platform\windows\imapp\basic\duilib\build\immediate\win32\release\duilib\uianimation.obj
c:\users\hujin\desktop\timsdk\timsdk-master\cross-platform\windows\imapp\basic\duilib\build\immediate\win32\release\duilib\uiactivex.obj
c:\users\hujin\desktop\timsdk\timsdk-master\cross-platform\windows\imapp\basic\duilib\build\immediate\win32\release\duilib\uianimationtablayout.obj
c:\users\hujin\desktop\timsdk\timsdk-master\cross-platform\windows\imapp\basic\duilib\build\immediate\win32\release\duilib\uiresourcemanager.obj
c:\users\hujin\desktop\timsdk\timsdk-master\cross-platform\windows\imapp\basic\duilib\build\immediate\win32\release\duilib\uirender.obj
c:\users\hujin\desktop\timsdk\timsdk-master\cross-platform\windows\imapp\basic\duilib\build\immediate\win32\release\duilib\uimarkup.obj
c:\users\hujin\desktop\timsdk\timsdk-master\cross-platform\windows\imapp\basic\duilib\build\immediate\win32\release\duilib\uimanager.obj
c:\users\hujin\desktop\timsdk\timsdk-master\cross-platform\windows\imapp\basic\duilib\build\immediate\win32\release\duilib\uidlgbuilder.obj
c:\users\hujin\desktop\timsdk\timsdk-master\cross-platform\windows\imapp\basic\duilib\build\immediate\win32\release\duilib\uicontrol.obj
c:\users\hujin\desktop\timsdk\timsdk-master\cross-platform\windows\imapp\basic\duilib\build\immediate\win32\release\duilib\uicontainer.obj
c:\users\hujin\desktop\timsdk\timsdk-master\cross-platform\windows\imapp\basic\duilib\build\immediate\win32\release\duilib\uibase.obj
c:\users\hujin\desktop\timsdk\timsdk-master\cross-platform\windows\imapp\basic\duilib\build\immediate\win32\release\duilib\controlfactory.obj
c:\users\hujin\desktop\timsdk\timsdk-master\cross-platform\windows\imapp\basic\duilib\build\immediate\win32\release\duilib\uiwebbrowser.obj
c:\users\hujin\desktop\timsdk\timsdk-master\cross-platform\windows\imapp\basic\duilib\build\immediate\win32\release\duilib\uitreeview.obj
c:\users\hujin\desktop\timsdk\timsdk-master\cross-platform\windows\imapp\basic\duilib\build\immediate\win32\release\duilib\uitext.obj
c:\users\hujin\desktop\timsdk\timsdk-master\cross-platform\windows\imapp\basic\duilib\build\immediate\win32\release\duilib\uislider.obj
c:\users\hujin\desktop\timsdk\timsdk-master\cross-platform\windows\imapp\basic\duilib\build\immediate\win32\release\duilib\uiscrollbar.obj
c:\users\hujin\desktop\timsdk\timsdk-master\cross-platform\windows\imapp\basic\duilib\build\immediate\win32\release\duilib\uirolltext.obj
c:\users\hujin\desktop\timsdk\timsdk-master\cross-platform\windows\imapp\basic\duilib\build\immediate\win32\release\duilib\uiring.obj
c:\users\hujin\desktop\timsdk\timsdk-master\cross-platform\windows\imapp\basic\duilib\build\immediate\win32\release\duilib\uirichedit.obj
c:\users\hujin\desktop\timsdk\timsdk-master\cross-platform\windows\imapp\basic\duilib\build\immediate\win32\release\duilib\uiprogress.obj
c:\users\hujin\desktop\timsdk\timsdk-master\cross-platform\windows\imapp\basic\duilib\build\immediate\win32\release\duilib\uioption.obj
c:\users\hujin\desktop\timsdk\timsdk-master\cross-platform\windows\imapp\basic\duilib\build\immediate\win32\release\duilib\winimplbase.obj
c:\users\hujin\desktop\timsdk\timsdk-master\cross-platform\windows\imapp\basic\duilib\build\immediate\win32\release\duilib\utils.obj
c:\users\hujin\desktop\timsdk\timsdk-master\cross-platform\windows\imapp\basic\duilib\build\immediate\win32\release\duilib\unzip.obj
c:\users\hujin\desktop\timsdk\timsdk-master\cross-platform\windows\imapp\basic\duilib\build\immediate\win32\release\duilib\uishadow.obj
c:\users\hujin\desktop\timsdk\timsdk-master\cross-platform\windows\imapp\basic\duilib\build\immediate\win32\release\duilib\uidelegate.obj
c:\users\hujin\desktop\timsdk\timsdk-master\cross-platform\windows\imapp\basic\duilib\build\immediate\win32\release\duilib\trayicon.obj
c:\users\hujin\desktop\timsdk\timsdk-master\cross-platform\windows\imapp\basic\duilib\build\immediate\win32\release\duilib\dragdropimpl.obj
c:\users\hujin\desktop\timsdk\timsdk-master\cross-platform\windows\imapp\basic\duilib\build\immediate\win32\release\duilib\dpi.obj
c:\users\hujin\desktop\timsdk\timsdk-master\cross-platform\windows\imapp\basic\duilib\build\immediate\win32\release\duilib\uilib.obj
c:\users\hujin\desktop\timsdk\timsdk-master\cross-platform\windows\imapp\basic\duilib\build\immediate\win32\release\duilib\stdafx.obj
c:\users\hujin\desktop\timsdk\timsdk-master\cross-platform\windows\imapp\basic\duilib\build\immediate\win32\release\duilib\uiverticallayout.obj
c:\users\hujin\desktop\timsdk\timsdk-master\cross-platform\windows\imapp\basic\duilib\build\immediate\win32\release\duilib\uitilelayout.obj
c:\users\hujin\desktop\timsdk\timsdk-master\cross-platform\windows\imapp\basic\duilib\build\immediate\win32\release\duilib\uitablayout.obj
c:\users\hujin\desktop\timsdk\timsdk-master\cross-platform\windows\imapp\basic\duilib\build\immediate\win32\release\duilib\uihorizontallayout.obj
c:\users\hujin\desktop\timsdk\timsdk-master\cross-platform\windows\imapp\basic\duilib\build\immediate\win32\release\duilib\uichildlayout.obj
c:\users\hujin\desktop\timsdk\timsdk-master\cross-platform\windows\imapp\basic\duilib\build\bin\win32\release\duilib.lib
c:\users\hujin\desktop\timsdk\timsdk-master\cross-platform\windows\imapp\basic\duilib\build\immediate\win32\release\duilib\duilib.tlog\cl.command.1.tlog
c:\users\hujin\desktop\timsdk\timsdk-master\cross-platform\windows\imapp\basic\duilib\build\immediate\win32\release\duilib\duilib.tlog\cl.read.1.tlog
c:\users\hujin\desktop\timsdk\timsdk-master\cross-platform\windows\imapp\basic\duilib\build\immediate\win32\release\duilib\duilib.tlog\cl.write.1.tlog
c:\users\hujin\desktop\timsdk\timsdk-master\cross-platform\windows\imapp\basic\duilib\build\immediate\win32\release\duilib\duilib.tlog\lib-link.read.1.tlog
c:\users\hujin\desktop\timsdk\timsdk-master\cross-platform\windows\imapp\basic\duilib\build\immediate\win32\release\duilib\duilib.tlog\lib-link.write.1.tlog
c:\users\hujin\desktop\timsdk\timsdk-master\cross-platform\windows\imapp\basic\duilib\build\immediate\win32\release\duilib\duilib.tlog\lib.command.1.tlog
